[2026-02-07 17:08:46.622] INFO [rustwebui_anyimage_organizer] Application starting...
[2026-02-07 17:08:46.989] INFO [rustwebui_anyimage_organizer] Loading application UI from dist/index.html
[2026-02-07 17:09:02.391] INFO [rustwebui_anyimage_organizer] Application started successfully, waiting for events...
[2026-02-07 17:09:09.545] INFO [rustwebui_anyimage_organizer] Application shutting down...
[2026-02-07 17:09:13.773] INFO [rustwebui_anyimage_organizer] Application starting...
[2026-02-07 17:09:13.957] INFO [rustwebui_anyimage_organizer] Loading application UI from dist/index.html
[2026-02-07 17:09:29.255] INFO [rustwebui_anyimage_organizer] Application started successfully, waiting for events...
[2026-02-07 17:09:36.409] INFO [rustwebui_anyimage_organizer] Application shutting down...
[2026-02-07 17:13:47.218] INFO [rustwebui_anyimage_organizer] Application starting...
[2026-02-07 17:13:47.405] INFO [rustwebui_anyimage_organizer] Loading application UI from dist/index.html
[2026-02-07 17:13:52.600] INFO [rustwebui_anyimage_organizer] Application starting...
[2026-02-07 17:13:52.802] INFO [rustwebui_anyimage_organizer] Loading application UI from dist/index.html
[2026-02-07 17:14:02.724] INFO [rustwebui_anyimage_organizer] Application started successfully, waiting for events...
[2026-02-07 17:14:09.884] INFO [rustwebui_anyimage_organizer] Application shutting down...
[2026-02-07 17:28:11.297] INFO [rustwebui_anyimage_organizer] Application starting...
[2026-02-07 17:28:11.511] INFO [rustwebui_anyimage_organizer] Loading application UI from dist/index.html
[2026-02-07 17:28:26.883] INFO [rustwebui_anyimage_organizer] Application started successfully, waiting for events...
[2026-02-07 17:28:34.001] INFO [rustwebui_anyimage_organizer] Application shutting down...
[2026-02-07 21:32:15.784] INFO [rustwebui_anyimage_organizer] Application starting...
[2026-02-07 21:32:16.527] INFO [rustwebui_anyimage_organizer] Loading application UI from dist/index.html
[2026-02-07 21:34:06.935] INFO [rustwebui_anyimage_organizer] Application starting...
[2026-02-07 21:34:07.224] INFO [rustwebui_anyimage_organizer] Loading application UI from dist/index.html
[2026-02-07 21:39:07.179] INFO [rustwebui_anyimage_organizer] Application starting...
[2026-02-07 21:39:07.491] INFO [rustwebui_anyimage_organizer] Loading application UI from dist/index.html
[2026-02-07 21:40:42.622] INFO [rustwebui_anyimage_organizer] Application starting...
[2026-02-07 21:40:43.059] INFO [rustwebui_anyimage_organizer] Loading application UI from dist/index.html
[2026-02-07 21:42:32.813] INFO [rustwebui_anyimage_organizer] Application starting...
[2026-02-07 21:42:33.120] INFO [rustwebui_anyimage_organizer] Loading application UI from dist/index.html
[2026-02-07 21:44:48.049] INFO [rustwebui_anyimage_organizer] Application starting...
[2026-02-07 21:44:48.970] INFO [rustwebui_anyimage_organizer] Loading application UI from dist/index.html
[2026-02-07 21:48:54.600] INFO [rustwebui_anyimage_organizer] Application starting...
[2026-02-07 21:48:54.925] INFO [rustwebui_anyimage_organizer] Loading application UI from dist/index.html
[2026-02-07 21:51:18.892] INFO [rustwebui_anyimage_organizer] Application starting...
[2026-02-07 21:51:19.132] INFO [rustwebui_anyimage_organizer] Loading application UI from dist/index.html
[2026-02-07 21:54:13.324] INFO [rustwebui_anyimage_organizer] Application starting...
[2026-02-07 21:54:13.785] INFO [rustwebui_anyimage_organizer] Loading application UI from dist/index.html
[2026-02-07 21:55:58.921] INFO [rustwebui_anyimage_organizer] Application starting...
[2026-02-07 21:55:59.204] INFO [rustwebui_anyimage_organizer] Loading application UI from dist/index.html
[2026-02-07 21:56:51.241] INFO [rustwebui_anyimage_organizer] Application starting...
[2026-02-07 21:56:51.713] INFO [rustwebui_anyimage_organizer] Loading application UI from dist/index.html
[2026-02-07 22:00:12.101] INFO [rustwebui_anyimage_organizer] Application starting...
[2026-02-07 22:00:12.307] INFO [rustwebui_anyimage_organizer] Loading application UI from dist/index.html
[2026-02-07 22:00:39.120] INFO [rustwebui_anyimage_organizer] Application starting...
[2026-02-07 22:00:39.370] INFO [rustwebui_anyimage_organizer] Loading application UI from dist/index.html
[2026-02-07 22:07:09.040] INFO [rustwebui_anyimage_organizer] Application starting...
[2026-02-07 22:07:09.371] INFO [rustwebui_anyimage_organizer] Loading application UI from dist/index.html
[2026-02-07 22:11:49.305] INFO [rustwebui_anyimage_organizer] Application starting...
[2026-02-07 22:12:06.972] INFO [rustwebui_anyimage_organizer] Application starting...
[2026-02-07 22:12:07.165] INFO [rustwebui_anyimage_organizer] Loading application UI from dist/index.html
[2026-02-07 22:12:22.554] INFO [rustwebui_anyimage_organizer] Application started successfully, waiting for events...
[2026-02-07 22:16:14.844] INFO [rustwebui_anyimage_organizer] Application starting...
[2026-02-07 22:16:15.291] INFO [rustwebui_anyimage_organizer] Loading application UI from dist/index.html
[2026-02-07 22:16:30.739] INFO [rustwebui_anyimage_organizer] Application started successfully, waiting for events...
[2026-02-07 22:16:37.934] INFO [rustwebui_anyimage_organizer] Application shutting down...
[2026-02-07 22:21:01.785] INFO [rustwebui_anyimage_organizer] Application starting...
[2026-02-07 22:21:02.304] INFO [rustwebui_anyimage_organizer] Loading application UI from dist/index.html
[2026-02-07 22:25:19.071] INFO [rustwebui_anyimage_organizer] Dependency injection container initialized
[2026-02-07 22:25:19.073] INFO [rustwebui_anyimage_organizer] Application starting...
[2026-02-07 22:25:19.505] INFO [rustwebui_anyimage_organizer] Loading application UI from dist/index.html
[2026-02-07 22:25:35.200] INFO [rustwebui_anyimage_organizer] Application started successfully, waiting for events...
[2026-02-07 22:25:42.446] INFO [rustwebui_anyimage_organizer] Application shutting down...
[2026-02-07 22:29:34.009] INFO [rustwebui_anyimage_organizer] Dependency injection container initialized
[2026-02-07 22:29:34.010] INFO [rustwebui_anyimage_organizer] Application starting...
[2026-02-07 22:29:34.479] INFO [rustwebui_anyimage_organizer] Loading application UI from dist/index.html
[2026-02-07 22:29:50.116] INFO [rustwebui_anyimage_organizer] Application started successfully, waiting for events...
[2026-02-07 22:29:57.295] INFO [rustwebui_anyimage_organizer] Application shutting down...
[2026-02-07 22:31:28.089] INFO [rustwebui_anyimage_organizer] Dependency injection container initialized
[2026-02-07 22:31:28.090] INFO [rustwebui_anyimage_organizer] Application starting...
[2026-02-07 22:31:28.430] INFO [rustwebui_anyimage_organizer] Loading application UI from dist/index.html
[2026-02-07 22:31:43.839] INFO [rustwebui_anyimage_organizer] Application started successfully, waiting for events...
[2026-02-07 22:31:51.029] INFO [rustwebui_anyimage_organizer] Application shutting down...
[2026-02-07 22:34:24.572] INFO [rustwebui_anyimage_organizer] Dependency injection container initialized
[2026-02-07 22:34:24.573] INFO [rustwebui_anyimage_organizer] Application starting...
[2026-02-07 22:34:24.941] INFO [rustwebui_anyimage_organizer] Loading application UI from dist/index.html
[2026-02-07 22:34:40.361] INFO [rustwebui_anyimage_organizer] Application started successfully, waiting for events...
[2026-02-07 22:34:47.492] INFO [rustwebui_anyimage_organizer] Application shutting down...
[2026-02-07 22:41:47.167] INFO [rustwebui_anyimage_organizer] Dependency injection container initialized
[2026-02-07 22:41:47.169] INFO [rustwebui_anyimage_organizer] Application starting...
[2026-02-07 22:41:47.713] INFO [rustwebui_anyimage_organizer] Loading application UI from dist/index.html
[2026-02-07 22:42:03.527] INFO [rustwebui_anyimage_organizer] Application started successfully, waiting for events...
[2026-02-07 22:42:10.767] INFO [rustwebui_anyimage_organizer] Application shutting down...
[2026-02-07 22:47:22.510] INFO [rustwebui_anyimage_organizer] Dependency injection container initialized
[2026-02-07 22:47:22.510] INFO [rustwebui_anyimage_organizer] Application starting...
[2026-02-07 22:47:22.800] INFO [rustwebui_anyimage_organizer] Loading application UI from dist/index.html
[2026-02-07 22:47:38.169] INFO [rustwebui_anyimage_organizer] Application started successfully, waiting for events...
[2026-02-07 22:47:45.326] INFO [rustwebui_anyimage_organizer] Application shutting down...
[2026-02-07 22:48:27.608] INFO [rustwebui_anyimage_organizer] Dependency injection container initialized
[2026-02-07 22:48:27.608] INFO [rustwebui_anyimage_organizer] Application starting...
[2026-02-07 22:48:27.894] INFO [rustwebui_anyimage_organizer] Loading application UI from dist/index.html
[2026-02-07 22:48:43.480] INFO [rustwebui_anyimage_organizer] Application started successfully, waiting for events...
[2026-02-07 22:48:50.819] INFO [rustwebui_anyimage_organizer] Application shutting down...
[2026-02-07 23:11:48.198] INFO [rustwebui_anyimage_organizer] Dependency injection container initialized
[2026-02-07 23:11:48.198] INFO [rustwebui_anyimage_organizer] Application starting...
[2026-02-07 23:11:48.199] INFO [rustwebui_anyimage_organizer::infrastructure::database] Database connection established: app.db
[2026-02-07 23:11:48.199] INFO [rustwebui_anyimage_organizer] Database initialized successfully
[2026-02-07 23:11:48.205] INFO [rustwebui_anyimage_organizer::infrastructure::database] Database schema initialized
[2026-02-07 23:11:48.235] INFO [rustwebui_anyimage_organizer::infrastructure::database] Sample data inserted successfully
[2026-02-07 23:11:48.235] INFO [rustwebui_anyimage_organizer::use_cases::handlers::db_handlers] Database handlers initialized
[2026-02-07 23:11:48.675] INFO [rustwebui_anyimage_organizer::use_cases::handlers::db_handlers] Database handlers set up successfully
[2026-02-07 23:11:48.675] INFO [rustwebui_anyimage_organizer] Loading application UI from dist/index.html
[2026-02-07 23:12:04.294] INFO [rustwebui_anyimage_organizer] Application started successfully, waiting for events...
[2026-02-07 23:12:11.429] INFO [rustwebui_anyimage_organizer] Application shutting down...
[2026-02-07 23:20:21.150] INFO [rustwebui_anyimage_organizer] =============================================
[2026-02-07 23:20:21.150] INFO [rustwebui_anyimage_organizer] Starting: Rust WebUI SQLite Demo v1.0.0
[2026-02-07 23:20:21.150] INFO [rustwebui_anyimage_organizer] =============================================
[2026-02-07 23:20:21.150] INFO [rustwebui_anyimage_organizer] Dependency injection container initialized
[2026-02-07 23:20:21.150] INFO [rustwebui_anyimage_organizer] Application starting...
[2026-02-07 23:20:21.150] INFO [rustwebui_anyimage_organizer] Database path: app.db
[2026-02-07 23:20:21.151] INFO [rustwebui_anyimage_organizer::infrastructure::database] Database connection established: app.db
[2026-02-07 23:20:21.151] INFO [rustwebui_anyimage_organizer] Database initialized successfully
[2026-02-07 23:20:21.151] INFO [rustwebui_anyimage_organizer::infrastructure::database] Database schema initialized
[2026-02-07 23:20:21.152] INFO [rustwebui_anyimage_organizer::infrastructure::database] Sample data already exists, skipping insertion
[2026-02-07 23:20:21.152] INFO [rustwebui_anyimage_organizer] Sample data created (if not exists)
[2026-02-07 23:20:21.152] INFO [rustwebui_anyimage_organizer::use_cases::handlers::db_handlers] Database handlers initialized
[2026-02-07 23:20:21.326] INFO [rustwebui_anyimage_organizer::use_cases::handlers::db_handlers] Database handlers set up successfully
[2026-02-07 23:20:21.326] INFO [rustwebui_anyimage_organizer] Window title: Rust WebUI Application
[2026-02-07 23:20:21.326] INFO [rustwebui_anyimage_organizer] Loading application UI from dist/index.html
[2026-02-07 23:20:36.621] INFO [rustwebui_anyimage_organizer] Application started successfully, waiting for events...
[2026-02-07 23:20:36.621] INFO [rustwebui_anyimage_organizer] =============================================
[2026-02-07 23:20:43.720] INFO [rustwebui_anyimage_organizer] Application shutting down...
[2026-02-07 23:20:43.720] INFO [rustwebui_anyimage_organizer] =============================================
[2026-02-07 23:43:18.377] INFO [rustwebui_app] =============================================
[2026-02-07 23:43:18.377] INFO [rustwebui_app] Starting: Rust WebUI SQLite Demo v1.0.0
[2026-02-07 23:43:18.377] INFO [rustwebui_app] =============================================
[2026-02-07 23:43:18.377] INFO [rustwebui_app] Dependency injection container initialized
[2026-02-07 23:43:18.377] INFO [rustwebui_app] Application starting...
[2026-02-07 23:43:18.377] INFO [rustwebui_app] Database path: app.db
[2026-02-07 23:43:18.378] INFO [rustwebui_app::infrastructure::database] Database connection established: app.db
[2026-02-07 23:43:18.378] INFO [rustwebui_app] Database initialized successfully
[2026-02-07 23:43:18.379] INFO [rustwebui_app::infrastructure::database] Database schema initialized
[2026-02-07 23:43:18.380] INFO [rustwebui_app::infrastructure::database] Sample data already exists, skipping insertion
[2026-02-07 23:43:18.380] INFO [rustwebui_app] Sample data created (if not exists)
[2026-02-07 23:43:18.380] INFO [rustwebui_app::use_cases::handlers::db_handlers] Database handlers initialized
[2026-02-07 23:43:18.554] INFO [rustwebui_app::use_cases::handlers::db_handlers] Database handlers set up successfully
[2026-02-07 23:43:18.555] INFO [rustwebui_app] Window title: Rust WebUI Application
[2026-02-07 23:43:18.555] INFO [rustwebui_app] Loading application UI from frontend/dist/index.html
[2026-02-07 23:43:33.861] INFO [rustwebui_app] Application started successfully, waiting for events...
[2026-02-07 23:43:33.861] INFO [rustwebui_app] =============================================
[2026-02-07 23:43:40.968] INFO [rustwebui_app] Application shutting down...
[2026-02-07 23:43:40.968] INFO [rustwebui_app] =============================================
[2026-02-07 23:45:24.498] INFO [rustwebui_app] =============================================
[2026-02-07 23:45:24.498] INFO [rustwebui_app] Starting: Rust WebUI SQLite Demo v1.0.0
[2026-02-07 23:45:24.498] INFO [rustwebui_app] =============================================
[2026-02-07 23:45:24.498] INFO [rustwebui_app] Dependency injection container initialized
[2026-02-07 23:45:24.498] INFO [rustwebui_app] Application starting...
[2026-02-07 23:45:24.498] INFO [rustwebui_app] Database path: app.db
[2026-02-07 23:45:24.499] INFO [rustwebui_app::infrastructure::database] Database connection established: app.db
[2026-02-07 23:45:24.499] INFO [rustwebui_app] Database initialized successfully
[2026-02-07 23:45:24.499] INFO [rustwebui_app::infrastructure::database] Database schema initialized
[2026-02-07 23:45:24.499] INFO [rustwebui_app::infrastructure::database] Sample data already exists, skipping insertion
[2026-02-07 23:45:24.500] INFO [rustwebui_app] Sample data created (if not exists)
[2026-02-07 23:45:24.500] INFO [rustwebui_app::use_cases::handlers::db_handlers] Database handlers initialized
[2026-02-07 23:45:39.007] INFO [rustwebui_app] =============================================
[2026-02-07 23:45:39.007] INFO [rustwebui_app] Starting: Rust WebUI SQLite Demo v1.0.0
[2026-02-07 23:45:39.008] INFO [rustwebui_app] =============================================
[2026-02-07 23:45:39.008] INFO [rustwebui_app] Dependency injection container initialized
[2026-02-07 23:45:39.008] INFO [rustwebui_app] Application starting...
[2026-02-07 23:45:39.008] INFO [rustwebui_app] Database path: app.db
[2026-02-07 23:45:39.009] INFO [rustwebui_app::infrastructure::database] Database connection established: app.db
[2026-02-07 23:45:39.009] INFO [rustwebui_app] Database initialized successfully
[2026-02-07 23:45:39.009] INFO [rustwebui_app::infrastructure::database] Database schema initialized
[2026-02-07 23:45:39.010] INFO [rustwebui_app::infrastructure::database] Sample data already exists, skipping insertion
[2026-02-07 23:45:39.010] INFO [rustwebui_app] Sample data created (if not exists)
[2026-02-07 23:45:39.010] INFO [rustwebui_app::use_cases::handlers::db_handlers] Database handlers initialized
[2026-02-07 23:45:39.193] INFO [rustwebui_app::use_cases::handlers::db_handlers] Database handlers set up successfully
[2026-02-07 23:45:39.193] INFO [rustwebui_app] Window title: Rust WebUI Application
[2026-02-07 23:45:39.193] INFO [rustwebui_app] Loading application UI from frontend/dist/index.html
[2026-02-07 23:48:17.695] INFO [rustwebui_app] =============================================
[2026-02-07 23:48:17.695] INFO [rustwebui_app] Starting: Rust WebUI SQLite Demo v1.0.0
[2026-02-07 23:48:17.695] INFO [rustwebui_app] =============================================
[2026-02-07 23:48:17.695] INFO [rustwebui_app] Dependency injection container initialized
[2026-02-07 23:48:17.695] INFO [rustwebui_app] Application starting...
[2026-02-07 23:48:17.695] INFO [rustwebui_app] Database path: app.db
[2026-02-07 23:48:17.696] INFO [rustwebui_app::infrastructure::database] Database connection established: app.db
[2026-02-07 23:48:17.696] INFO [rustwebui_app] Database initialized successfully
[2026-02-07 23:48:17.696] INFO [rustwebui_app::infrastructure::database] Database schema initialized
[2026-02-07 23:48:17.697] INFO [rustwebui_app::infrastructure::database] Sample data already exists, skipping insertion
[2026-02-07 23:48:17.697] INFO [rustwebui_app] Sample data created (if not exists)
[2026-02-07 23:48:17.697] INFO [rustwebui_app::use_cases::handlers::db_handlers] Database handlers initialized
[2026-02-07 23:48:17.958] INFO [rustwebui_app::use_cases::handlers::db_handlers] Database handlers set up successfully
[2026-02-07 23:48:17.958] INFO [rustwebui_app] Window title: Rust WebUI Application
[2026-02-07 23:48:17.958] INFO [rustwebui_app] Loading application UI from frontend/dist/index.html
[2026-02-07 23:48:53.293] INFO [rustwebui_app] =============================================
[2026-02-07 23:48:53.294] INFO [rustwebui_app] Starting: Rust WebUI SQLite Demo v1.0.0
[2026-02-07 23:48:53.294] INFO [rustwebui_app] =============================================
[2026-02-07 23:48:53.294] INFO [rustwebui_app] Dependency injection container initialized
[2026-02-07 23:48:53.294] INFO [rustwebui_app] Application starting...
[2026-02-07 23:48:53.294] INFO [rustwebui_app] Database path: app.db
[2026-02-07 23:48:53.295] INFO [rustwebui_app::infrastructure::database] Database connection established: app.db
[2026-02-07 23:48:53.295] INFO [rustwebui_app] Database initialized successfully
[2026-02-07 23:48:53.296] INFO [rustwebui_app::infrastructure::database] Database schema initialized
[2026-02-07 23:48:53.296] INFO [rustwebui_app::infrastructure::database] Sample data already exists, skipping insertion
[2026-02-07 23:48:53.296] INFO [rustwebui_app] Sample data created (if not exists)
[2026-02-07 23:48:53.296] INFO [rustwebui_app::use_cases::handlers::db_handlers] Database handlers initialized
[2026-02-07 23:48:53.450] INFO [rustwebui_app::use_cases::handlers::db_handlers] Database handlers set up successfully
[2026-02-07 23:48:53.450] INFO [rustwebui_app] Window title: Rust WebUI Application
[2026-02-07 23:48:53.451] INFO [rustwebui_app] Loading application UI from frontend/dist/index.html
[2026-02-07 23:49:08.765] INFO [rustwebui_app] Application started successfully, waiting for events...
[2026-02-07 23:49:08.765] INFO [rustwebui_app] =============================================
[2026-02-07 23:49:15.930] INFO [rustwebui_app] Application shutting down...
[2026-02-07 23:49:15.931] INFO [rustwebui_app] =============================================
[2026-02-08 00:10:46.620] INFO [rustwebui_app] =============================================
[2026-02-08 00:10:46.620] INFO [rustwebui_app] Starting: Rust WebUI SQLite Demo v1.0.0
[2026-02-08 00:10:46.620] INFO [rustwebui_app] =============================================
[2026-02-08 00:10:46.620] INFO [rustwebui_app] Dependency injection container initialized
[2026-02-08 00:10:46.620] INFO [rustwebui_app] Application starting...
[2026-02-08 00:10:46.620] INFO [rustwebui_app] Database path: app.db
[2026-02-08 00:10:46.621] INFO [rustwebui_app::infrastructure::database] Database connection established: app.db
[2026-02-08 00:10:46.621] INFO [rustwebui_app] Database initialized successfully
[2026-02-08 00:10:46.621] INFO [rustwebui_app::infrastructure::database] Database schema initialized
[2026-02-08 00:10:46.621] INFO [rustwebui_app::infrastructure::database] Sample data already exists, skipping insertion
[2026-02-08 00:10:46.622] INFO [rustwebui_app] Sample data created (if not exists)
[2026-02-08 00:10:46.622] INFO [rustwebui_app::use_cases::handlers::db_handlers] Database handlers initialized
[2026-02-08 00:10:46.780] INFO [rustwebui_app::use_cases::handlers::db_handlers] Database handlers set up successfully
[2026-02-08 00:10:46.781] INFO [rustwebui_app::use_cases::handlers::sysinfo_handlers] System info handlers set up successfully
[2026-02-08 00:10:46.781] INFO [rustwebui_app] Window title: Rust WebUI Application
[2026-02-08 00:10:46.781] INFO [rustwebui_app] Loading application UI from frontend/dist/index.html
[2026-02-08 10:45:03.131] INFO [rustwebui_app] =============================================
[2026-02-08 10:45:03.132] INFO [rustwebui_app] Starting: Rust WebUI SQLite Demo v1.0.0
[2026-02-08 10:45:03.132] INFO [rustwebui_app] =============================================
[2026-02-08 10:45:03.132] INFO [rustwebui_app] Dependency injection container initialized
[2026-02-08 10:45:03.132] INFO [rustwebui_app] Application starting...
[2026-02-08 10:45:03.132] INFO [rustwebui_app] Database path: app.db
[2026-02-08 10:45:03.132] INFO [rustwebui_app::infrastructure::database] Database connection established: app.db
[2026-02-08 10:45:03.132] INFO [rustwebui_app] Database initialized successfully
[2026-02-08 10:45:03.133] INFO [rustwebui_app::infrastructure::database] Database schema initialized
[2026-02-08 10:45:03.133] INFO [rustwebui_app::infrastructure::database] Sample data already exists, skipping insertion
[2026-02-08 10:45:03.133] INFO [rustwebui_app] Sample data created (if not exists)
[2026-02-08 10:45:03.133] INFO [rustwebui_app::use_cases::handlers::db_handlers] Database handlers initialized
[2026-02-08 10:45:03.295] INFO [rustwebui_app::use_cases::handlers::db_handlers] Database handlers set up successfully
[2026-02-08 10:45:03.295] INFO [rustwebui_app::use_cases::handlers::sysinfo_handlers] System info handlers set up successfully
[2026-02-08 10:45:03.295] INFO [rustwebui_app] Window title: Rust WebUI Application
[2026-02-08 10:45:03.295] INFO [rustwebui_app] Loading application UI from frontend/dist/index.html
[2026-02-08 10:45:18.655] INFO [rustwebui_app] Application started successfully, waiting for events...
[2026-02-08 10:45:18.655] INFO [rustwebui_app] =============================================
[2026-02-08 10:45:25.916] INFO [rustwebui_app] Application shutting down...
[2026-02-08 10:45:25.917] INFO [rustwebui_app] =============================================
[2026-02-08 10:46:24.490] INFO [rustwebui_app] =============================================
[2026-02-08 10:46:24.490] INFO [rustwebui_app] Starting: Rust WebUI SQLite Demo v1.0.0
[2026-02-08 10:46:24.490] INFO [rustwebui_app] =============================================
[2026-02-08 10:46:24.490] INFO [rustwebui_app] Dependency injection container initialized
[2026-02-08 10:46:24.490] INFO [rustwebui_app] Application starting...
[2026-02-08 10:46:24.490] INFO [rustwebui_app] Database path: app.db
[2026-02-08 10:46:24.490] INFO [rustwebui_app::infrastructure::database] Database connection established: app.db
[2026-02-08 10:46:24.490] INFO [rustwebui_app] Database initialized successfully
[2026-02-08 10:46:24.491] INFO [rustwebui_app::infrastructure::database] Database schema initialized
[2026-02-08 10:46:24.491] INFO [rustwebui_app::infrastructure::database] Sample data already exists, skipping insertion
[2026-02-08 10:46:24.491] INFO [rustwebui_app] Sample data created (if not exists)
[2026-02-08 10:46:24.491] INFO [rustwebui_app::use_cases::handlers::db_handlers] Database handlers initialized
[2026-02-08 10:46:24.657] INFO [rustwebui_app::use_cases::handlers::db_handlers] Database handlers set up successfully
[2026-02-08 10:46:24.658] INFO [rustwebui_app::use_cases::handlers::sysinfo_handlers] System info handlers set up successfully
[2026-02-08 10:46:24.658] INFO [rustwebui_app] Window title: Rust WebUI Application
[2026-02-08 10:46:24.658] INFO [rustwebui_app] Loading application UI from frontend/dist/index.html
[2026-02-08 10:46:40.038] INFO [rustwebui_app] Application started successfully, waiting for events...
[2026-02-08 10:46:40.039] INFO [rustwebui_app] =============================================
[2026-02-08 10:46:47.273] INFO [rustwebui_app] Application shutting down...
[2026-02-08 10:46:47.274] INFO [rustwebui_app] =============================================
[2026-02-08 10:47:34.554] INFO [rustwebui_app] =============================================
[2026-02-08 10:47:34.554] INFO [rustwebui_app] Starting: Rust WebUI SQLite Demo v1.0.0
[2026-02-08 10:47:34.554] INFO [rustwebui_app] =============================================
[2026-02-08 10:47:34.554] INFO [rustwebui_app] Dependency injection container initialized
[2026-02-08 10:47:34.554] INFO [rustwebui_app] Application starting...
[2026-02-08 10:47:34.554] INFO [rustwebui_app] Database path: app.db
[2026-02-08 10:47:34.554] INFO [rustwebui_app::infrastructure::database] Database connection established: app.db
[2026-02-08 10:47:34.555] INFO [rustwebui_app] Database initialized successfully
[2026-02-08 10:47:34.555] INFO [rustwebui_app::infrastructure::database] Database schema initialized
[2026-02-08 10:47:34.555] INFO [rustwebui_app::infrastructure::database] Sample data already exists, skipping insertion
[2026-02-08 10:47:34.555] INFO [rustwebui_app] Sample data created (if not exists)
[2026-02-08 10:47:34.555] INFO [rustwebui_app::use_cases::handlers::db_handlers] Database handlers initialized
[2026-02-08 10:47:34.725] INFO [rustwebui_app::use_cases::handlers::db_handlers] Database handlers set up successfully
[2026-02-08 10:47:34.725] INFO [rustwebui_app::use_cases::handlers::sysinfo_handlers] System info handlers set up successfully
[2026-02-08 10:47:34.725] INFO [rustwebui_app] Window title: Rust WebUI Application
[2026-02-08 10:47:34.725] INFO [rustwebui_app] Loading application UI from frontend/dist/index.html
[2026-02-08 10:47:50.246] INFO [rustwebui_app] Application started successfully, waiting for events...
[2026-02-08 10:47:50.246] INFO [rustwebui_app] =============================================
[2026-02-08 10:47:57.528] INFO [rustwebui_app] Application shutting down...
[2026-02-08 10:47:57.528] INFO [rustwebui_app] =============================================
[2026-02-08 10:50:48.319] INFO [rustwebui_app] =============================================
[2026-02-08 10:50:48.319] INFO [rustwebui_app] Starting: Rust WebUI SQLite Demo v1.0.0
[2026-02-08 10:50:48.319] INFO [rustwebui_app] =============================================
[2026-02-08 10:50:48.319] INFO [rustwebui_app] Dependency injection container initialized
[2026-02-08 10:50:48.319] INFO [rustwebui_app] Application starting...
[2026-02-08 10:50:48.319] INFO [rustwebui_app] Database path: app.db
[2026-02-08 10:50:48.320] INFO [rustwebui_app::infrastructure::database] Database connection established: app.db
[2026-02-08 10:50:48.320] INFO [rustwebui_app] Database initialized successfully
[2026-02-08 10:50:48.320] INFO [rustwebui_app::infrastructure::database] Database schema initialized
[2026-02-08 10:50:48.320] INFO [rustwebui_app::infrastructure::database] Sample data already exists, skipping insertion
[2026-02-08 10:50:48.320] INFO [rustwebui_app] Sample data created (if not exists)
[2026-02-08 10:50:48.320] INFO [rustwebui_app::use_cases::handlers::db_handlers] Database handlers initialized
[2026-02-08 10:50:48.490] INFO [rustwebui_app::use_cases::handlers::db_handlers] Database handlers set up successfully
[2026-02-08 10:50:48.491] INFO [rustwebui_app::use_cases::handlers::sysinfo_handlers] System info handlers set up successfully
[2026-02-08 10:50:48.491] INFO [rustwebui_app] Window title: Rust WebUI Application
[2026-02-08 10:50:48.491] INFO [rustwebui_app] Loading application UI from frontend/dist/index.html
[2026-02-08 10:52:04.594] INFO [rustwebui_app] =============================================
[2026-02-08 10:52:04.594] INFO [rustwebui_app] Starting: Rust WebUI SQLite Demo v1.0.0
[2026-02-08 10:52:04.594] INFO [rustwebui_app] =============================================
[2026-02-08 10:52:04.594] INFO [rustwebui_app] Dependency injection container initialized
[2026-02-08 10:52:04.594] INFO [rustwebui_app] Application starting...
[2026-02-08 10:52:04.595] INFO [rustwebui_app] Database path: app.db
[2026-02-08 10:52:04.595] INFO [rustwebui_app::infrastructure::database] Database connection established: app.db
[2026-02-08 10:52:04.595] INFO [rustwebui_app] Database initialized successfully
[2026-02-08 10:52:04.596] INFO [rustwebui_app::infrastructure::database] Database schema initialized
[2026-02-08 10:52:04.596] INFO [rustwebui_app::infrastructure::database] Sample data already exists, skipping insertion
[2026-02-08 10:52:04.596] INFO [rustwebui_app] Sample data created (if not exists)
[2026-02-08 10:52:04.596] INFO [rustwebui_app::use_cases::handlers::db_handlers] Database handlers initialized
[2026-02-08 10:52:04.772] INFO [rustwebui_app::use_cases::handlers::db_handlers] Database handlers set up successfully
[2026-02-08 10:52:04.773] INFO [rustwebui_app::use_cases::handlers::sysinfo_handlers] System info handlers set up successfully
[2026-02-08 10:52:04.773] INFO [rustwebui_app] Window title: Rust WebUI Application
[2026-02-08 10:52:04.773] INFO [rustwebui_app] Loading application UI from frontend/dist/index.html
[2026-02-08 10:55:24.839] INFO [rustwebui_app] =============================================
[2026-02-08 10:55:24.839] INFO [rustwebui_app] Starting: Rust WebUI SQLite Demo v1.0.0
[2026-02-08 10:55:24.839] INFO [rustwebui_app] =============================================
[2026-02-08 10:55:24.839] INFO [rustwebui_app] Dependency injection container initialized
[2026-02-08 10:55:24.839] INFO [rustwebui_app] Application starting...
[2026-02-08 10:55:24.839] INFO [rustwebui_app] Database path: app.db
[2026-02-08 10:55:24.839] INFO [rustwebui_app::infrastructure::database] Database connection established: app.db
[2026-02-08 10:55:24.840] INFO [rustwebui_app] Database initialized successfully
[2026-02-08 10:55:24.840] INFO [rustwebui_app::infrastructure::database] Database schema initialized
[2026-02-08 10:55:24.840] INFO [rustwebui_app::infrastructure::database] Sample data already exists, skipping insertion
[2026-02-08 10:55:24.840] INFO [rustwebui_app] Sample data created (if not exists)
[2026-02-08 10:55:24.840] INFO [rustwebui_app::use_cases::handlers::db_handlers] Database handlers initialized
[2026-02-08 10:55:25.011] INFO [rustwebui_app::use_cases::handlers::db_handlers] Database handlers set up successfully
[2026-02-08 10:55:25.011] INFO [rustwebui_app::use_cases::handlers::sysinfo_handlers] System info handlers set up successfully
[2026-02-08 10:55:25.012] INFO [rustwebui_app] Window title: Rust WebUI Application
[2026-02-08 10:55:25.012] INFO [rustwebui_app] Loading application UI from frontend/dist/index.html
[2026-02-08 10:59:08.038] INFO [rustwebui_app] =============================================
[2026-02-08 10:59:08.039] INFO [rustwebui_app] Starting: Rust WebUI SQLite Demo v1.0.0
[2026-02-08 10:59:08.039] INFO [rustwebui_app] =============================================
[2026-02-08 10:59:08.040] INFO [rustwebui_app] Dependency injection container initialized
[2026-02-08 10:59:08.040] INFO [rustwebui_app] Application starting...
[2026-02-08 10:59:08.040] INFO [rustwebui_app] Database path: app.db
[2026-02-08 10:59:08.041] INFO [rustwebui_app::infrastructure::database] Database connection established: app.db
[2026-02-08 10:59:08.041] INFO [rustwebui_app] Database initialized successfully
[2026-02-08 10:59:08.043] INFO [rustwebui_app::infrastructure::database] Database schema initialized
[2026-02-08 10:59:08.043] INFO [rustwebui_app::infrastructure::database] Sample data already exists, skipping insertion
[2026-02-08 10:59:08.043] INFO [rustwebui_app] Sample data created (if not exists)
[2026-02-08 10:59:08.043] INFO [rustwebui_app::use_cases::handlers::db_handlers] Database handlers initialized
[2026-02-08 10:59:08.400] INFO [rustwebui_app::use_cases::handlers::db_handlers] Database handlers set up successfully
[2026-02-08 10:59:08.400] INFO [rustwebui_app::use_cases::handlers::sysinfo_handlers] System info handlers set up successfully
[2026-02-08 10:59:08.400] INFO [rustwebui_app] Window title: Rust WebUI Application
[2026-02-08 10:59:08.400] INFO [rustwebui_app] Loading application UI from frontend/dist/index.html
[2026-02-08 11:01:03.902] INFO [rustwebui_app] =============================================
[2026-02-08 11:01:03.903] INFO [rustwebui_app] Starting: Rust WebUI SQLite Demo v1.0.0
[2026-02-08 11:01:03.903] INFO [rustwebui_app] =============================================
[2026-02-08 11:01:03.903] INFO [rustwebui_app] Dependency injection container initialized
[2026-02-08 11:01:03.904] INFO [rustwebui_app] Application starting...
[2026-02-08 11:01:03.904] INFO [rustwebui_app] Database path: app.db
[2026-02-08 11:01:03.905] INFO [rustwebui_app::infrastructure::database] Database connection established: app.db
[2026-02-08 11:01:03.906] INFO [rustwebui_app] Database initialized successfully
[2026-02-08 11:01:03.907] INFO [rustwebui_app::infrastructure::database] Database schema initialized
[2026-02-08 11:01:03.908] INFO [rustwebui_app::infrastructure::database] Sample data already exists, skipping insertion
[2026-02-08 11:01:03.908] INFO [rustwebui_app] Sample data created (if not exists)
[2026-02-08 11:01:03.908] INFO [rustwebui_app::use_cases::handlers::db_handlers] Database handlers initialized
[2026-02-08 11:01:04.184] INFO [rustwebui_app::use_cases::handlers::db_handlers] Database handlers set up successfully
[2026-02-08 11:01:04.185] INFO [rustwebui_app::use_cases::handlers::sysinfo_handlers] System info handlers set up successfully
[2026-02-08 11:01:04.185] INFO [rustwebui_app] Window title: Rust WebUI Application
[2026-02-08 11:01:04.185] INFO [rustwebui_app] Loading application UI from frontend/dist/index.html
[2026-02-08 11:01:19.600] INFO [rustwebui_app] Application started successfully, waiting for events...
[2026-02-08 11:01:19.600] INFO [rustwebui_app] =============================================
[2026-02-08 11:01:26.833] INFO [rustwebui_app] Application shutting down...
[2026-02-08 11:01:26.834] INFO [rustwebui_app] =============================================
[2026-02-08 11:14:45.573] INFO [rustwebui_app] =============================================
[2026-02-08 11:14:45.573] INFO [rustwebui_app] Starting: Rust WebUI SQLite Demo v1.0.0
[2026-02-08 11:14:45.573] INFO [rustwebui_app] =============================================
[2026-02-08 11:14:45.573] INFO [rustwebui_app] Dependency injection container initialized
[2026-02-08 11:14:45.573] INFO [rustwebui_app] Application starting...
[2026-02-08 11:14:45.573] INFO [rustwebui_app] Database path: app.db
[2026-02-08 11:14:45.574] INFO [rustwebui_app::infrastructure::database] Database connection established: app.db
[2026-02-08 11:14:45.574] INFO [rustwebui_app] Database initialized successfully
[2026-02-08 11:14:45.574] INFO [rustwebui_app::infrastructure::database] Database schema initialized
[2026-02-08 11:14:45.574] INFO [rustwebui_app::infrastructure::database] Sample data already exists, skipping insertion
[2026-02-08 11:14:45.574] INFO [rustwebui_app] Sample data created (if not exists)
[2026-02-08 11:14:45.574] INFO [rustwebui_app::use_cases::handlers::db_handlers] Database handlers initialized
[2026-02-08 11:14:45.762] INFO [rustwebui_app::use_cases::handlers::db_handlers] Database handlers set up successfully
[2026-02-08 11:14:45.762] INFO [rustwebui_app::use_cases::handlers::sysinfo_handlers] System info handlers set up successfully
[2026-02-08 11:14:45.762] INFO [rustwebui_app] Window title: Rust WebUI Application
[2026-02-08 11:14:45.763] INFO [rustwebui_app] Loading application UI from frontend/dist/index.html
[2026-02-08 11:33:47.240] INFO [rustwebui_app] =============================================
[2026-02-08 11:33:47.241] INFO [rustwebui_app] Starting: Rust WebUI SQLite Demo v1.0.0
[2026-02-08 11:33:47.241] INFO [rustwebui_app] =============================================
[2026-02-08 11:33:47.241] INFO [rustwebui_app] Dependency injection container initialized
[2026-02-08 11:33:47.241] INFO [rustwebui_app] Application starting...
[2026-02-08 11:33:47.241] INFO [rustwebui_app] Database path: app.db
[2026-02-08 11:33:47.242] INFO [rustwebui_app::infrastructure::database] Database connection established: app.db
[2026-02-08 11:33:47.242] INFO [rustwebui_app] Database initialized successfully
[2026-02-08 11:33:47.244] INFO [rustwebui_app::infrastructure::database] Database schema initialized
[2026-02-08 11:33:47.244] INFO [rustwebui_app::infrastructure::database] Sample data already exists, skipping insertion
[2026-02-08 11:33:47.244] INFO [rustwebui_app] Sample data created (if not exists)
[2026-02-08 11:33:47.244] INFO [rustwebui_app::use_cases::handlers::db_handlers] Database handlers initialized
[2026-02-08 11:33:47.413] INFO [rustwebui_app::use_cases::handlers::db_handlers] Database handlers set up successfully
[2026-02-08 11:33:47.414] INFO [rustwebui_app::use_cases::handlers::sysinfo_handlers] System info handlers set up successfully
[2026-02-08 11:33:47.414] INFO [rustwebui_app] Window title: Rust WebUI Application
[2026-02-08 11:33:47.414] INFO [rustwebui_app] Loading application UI from frontend/dist/index.html
[2026-02-08 11:34:02.751] INFO [rustwebui_app] Application started successfully, waiting for events...
[2026-02-08 11:34:02.751] INFO [rustwebui_app] =============================================
[2026-02-08 11:34:09.873] INFO [rustwebui_app] Application shutting down...
[2026-02-08 11:34:09.874] INFO [rustwebui_app] =============================================
[2026-02-08 11:35:41.396] INFO [rustwebui_app] =============================================
[2026-02-08 11:35:41.396] INFO [rustwebui_app] Starting: Rust WebUI SQLite Demo v1.0.0
[2026-02-08 11:35:41.396] INFO [rustwebui_app] =============================================
[2026-02-08 11:35:41.396] INFO [rustwebui_app] Dependency injection container initialized
[2026-02-08 11:35:41.396] INFO [rustwebui_app] Application starting...
[2026-02-08 11:35:41.396] INFO [rustwebui_app] Database path: app.db
[2026-02-08 11:35:41.396] INFO [rustwebui_app::infrastructure::database] Database connection established: app.db
[2026-02-08 11:35:41.397] INFO [rustwebui_app] Database initialized successfully
[2026-02-08 11:35:41.397] INFO [rustwebui_app::infrastructure::database] Database schema initialized
[2026-02-08 11:35:41.397] INFO [rustwebui_app::infrastructure::database] Sample data already exists, skipping insertion
[2026-02-08 11:35:41.397] INFO [rustwebui_app] Sample data created (if not exists)
[2026-02-08 11:35:41.397] INFO [rustwebui_app::use_cases::handlers::db_handlers] Database handlers initialized
[2026-02-08 11:35:41.566] INFO [rustwebui_app::use_cases::handlers::db_handlers] Database handlers set up successfully
[2026-02-08 11:35:41.566] INFO [rustwebui_app::use_cases::handlers::sysinfo_handlers] System info handlers set up successfully
[2026-02-08 11:35:41.566] INFO [rustwebui_app] Window title: Rust WebUI Application
[2026-02-08 11:35:41.567] INFO [rustwebui_app] Loading application UI from frontend/dist/index.html
[2026-02-12 16:08:07.791] INFO [rustwebui_app] =============================================
[2026-02-12 16:08:07.792] INFO [rustwebui_app] Starting: Rust WebUI SQLite Demo v1.0.0
[2026-02-12 16:08:07.792] INFO [rustwebui_app] =============================================
[2026-02-12 16:08:07.792] INFO [rustwebui_app] Dependency injection container initialized
[2026-02-12 16:08:07.792] INFO [rustwebui_app] Application starting...
[2026-02-12 16:08:07.792] INFO [rustwebui_app] Database path: app.db
[2026-02-12 16:08:07.792] INFO [rustwebui_app::infrastructure::database] Database connection established: app.db
[2026-02-12 16:08:07.793] INFO [rustwebui_app] Database initialized successfully
[2026-02-12 16:08:07.793] INFO [rustwebui_app::infrastructure::database] Database schema initialized
[2026-02-12 16:08:07.793] INFO [rustwebui_app::infrastructure::database] Sample data already exists, skipping insertion
[2026-02-12 16:08:07.793] INFO [rustwebui_app] Sample data created (if not exists)
[2026-02-12 16:08:07.793] INFO [rustwebui_app::use_cases::handlers::db_handlers] Database handlers initialized
[2026-02-12 16:08:07.943] INFO [rustwebui_app::use_cases::handlers::db_handlers] Database handlers set up successfully
[2026-02-12 16:08:07.944] INFO [rustwebui_app::use_cases::handlers::sysinfo_handlers] System info handlers set up successfully
[2026-02-12 16:08:07.944] INFO [rustwebui_app] Window title: Rust WebUI Application
[2026-02-12 16:08:07.944] INFO [rustwebui_app] Loading application UI from frontend/dist/index.html
[2026-02-12 16:08:23.259] INFO [rustwebui_app] Application started successfully, waiting for events...
[2026-02-12 16:08:23.260] INFO [rustwebui_app] =============================================
[2026-02-12 16:08:30.519] INFO [rustwebui_app] Application shutting down...
[2026-02-12 16:08:30.519] INFO [rustwebui_app] =============================================
[2026-02-12 16:31:14.380] INFO [rustwebui_app] =============================================
[2026-02-12 16:31:14.380] INFO [rustwebui_app] Starting: Rust WebUI SQLite Demo v1.0.0
[2026-02-12 16:31:14.381] INFO [rustwebui_app] =============================================
[2026-02-12 16:31:14.381] INFO [rustwebui_app] Dependency injection container initialized
[2026-02-12 16:31:14.381] INFO [rustwebui_app] Application starting...
[2026-02-12 16:31:14.381] INFO [rustwebui_app] Database path: app.db
[2026-02-12 16:31:14.381] INFO [rustwebui_app::infrastructure::database] Database connection established: app.db
[2026-02-12 16:31:14.382] INFO [rustwebui_app] Database initialized successfully
[2026-02-12 16:31:14.382] INFO [rustwebui_app::infrastructure::database] Database schema initialized
[2026-02-12 16:31:14.383] INFO [rustwebui_app::infrastructure::database] Sample data already exists, skipping insertion
[2026-02-12 16:31:14.383] INFO [rustwebui_app] Sample data created (if not exists)
[2026-02-12 16:31:14.383] INFO [rustwebui_app::use_cases::handlers::db_handlers] Database handlers initialized
[2026-02-12 16:31:14.604] INFO [rustwebui_app::use_cases::handlers::db_handlers] Database handlers set up successfully
[2026-02-12 16:31:14.604] INFO [rustwebui_app::use_cases::handlers::sysinfo_handlers] System info handlers set up successfully
[2026-02-12 16:31:14.604] INFO [rustwebui_app] Window title: Rust WebUI Application
[2026-02-12 16:31:14.604] INFO [rustwebui_app] Loading application UI from frontend/dist/index.html
[2026-02-12 16:31:29.975] INFO [rustwebui_app] Application started successfully, waiting for events...
[2026-02-12 16:31:29.976] INFO [rustwebui_app] =============================================
[2026-02-12 16:31:37.204] INFO [rustwebui_app] Application shutting down...
[2026-02-12 16:31:37.204] INFO [rustwebui_app] =============================================
[2026-02-13 00:05:05.135] INFO [rustwebui_app] =============================================
[2026-02-13 00:05:05.135] INFO [rustwebui_app] Starting: Rust WebUI SQLite Demo v1.0.0
[2026-02-13 00:05:05.135] INFO [rustwebui_app] =============================================
[2026-02-13 00:05:05.135] INFO [rustwebui_app] Dependency injection container initialized
[2026-02-13 00:05:05.135] INFO [rustwebui_app] Application starting...
[2026-02-13 00:05:05.135] INFO [rustwebui_app] Database path: app.db
[2026-02-13 00:05:05.135] INFO [rustwebui_app::infrastructure::database] Database connection established: app.db
[2026-02-13 00:05:05.135] INFO [rustwebui_app] Database initialized successfully
[2026-02-13 00:05:05.136] INFO [rustwebui_app::infrastructure::database] Database schema initialized
[2026-02-13 00:05:05.136] INFO [rustwebui_app::infrastructure::database] Sample data already exists, skipping insertion
[2026-02-13 00:05:05.136] INFO [rustwebui_app] Sample data created (if not exists)
[2026-02-13 00:05:05.136] INFO [rustwebui_app::use_cases::handlers::db_handlers] Database handlers initialized
[2026-02-13 00:05:05.283] INFO [rustwebui_app] Desktop utilities initialized
[2026-02-13 00:05:05.470] INFO [rustwebui_app::use_cases::handlers::db_handlers] Database handlers set up successfully
[2026-02-13 00:05:05.470] INFO [rustwebui_app::use_cases::handlers::sysinfo_handlers] System info handlers set up successfully
[2026-02-13 00:05:05.471] INFO [rustwebui_app] Desktop utility handlers set up successfully
[2026-02-13 00:05:05.472] INFO [rustwebui_app] Window title: Rust WebUI Application
[2026-02-13 00:05:05.472] INFO [rustwebui_app] Loading application UI from frontend/dist/index.html
[2026-02-13 00:05:20.818] INFO [rustwebui_app] Application started successfully, waiting for events...
[2026-02-13 00:05:20.819] INFO [rustwebui_app] =============================================
[2026-02-13 00:05:27.964] INFO [rustwebui_app] Application shutting down...
[2026-02-13 00:05:27.965] INFO [rustwebui_app] =============================================
